<?xml version="1.0" encoding="UTF-8"?>
<!-- Generated by org.testng.reporters.JUnitReportReporter -->
<testsuite hostname="LAPTOP-FNHVNRNU" failures="0" tests="1" name="dummy1.practiceTest" time="29.577" errors="0" timestamp="2022-08-16T21:02:41 IST" skipped="0">
  <testcase classname="dummy1.practiceTest" name="demoTest" time="29.577"/>
  <system-out/>
</testsuite> <!-- dummy1.practiceTest -->
