<?xml version="1.0" encoding="UTF-8"?>
<!-- Generated by org.testng.reporters.JUnitReportReporter -->
<testsuite hostname="LAPTOP-FNHVNRNU" failures="0" tests="2" name="TestNgProgramms.Second" time="44.279" errors="0" timestamp="2023-09-13T00:19:53 IST" skipped="0">
  <testcase classname="TestNgProgramms.Second" name="myntra" time="0.002"/>
  <system-out/>
  <testcase classname="TestNgProgramms.Second" name="Cashora" time="44.277"/>
  <system-out/>
</testsuite> <!-- TestNgProgramms.Second -->
