<?xml version="1.0" encoding="UTF-8"?>
<!-- Generated by org.testng.reporters.JUnitReportReporter -->
<testsuite hostname="LAPTOP-FNHVNRNU" failures="0" tests="2" name="TestNgProgramms.First" time="38.045" errors="0" timestamp="2023-09-13T00:19:53 IST" skipped="0">
  <testcase classname="TestNgProgramms.First" name="google" time="17.503"/>
  <system-out/>
  <testcase classname="TestNgProgramms.First" name="Cashora" time="20.542"/>
  <system-out/>
</testsuite> <!-- TestNgProgramms.First -->
