<?xml version="1.0" encoding="UTF-8"?>
<!-- Generated by org.testng.reporters.JUnitReportReporter -->
<testsuite hostname="LAPTOP-FNHVNRNU" failures="0" tests="1" name="TestNG.GroupEx" time="0.002" errors="0" timestamp="2022-12-28T21:29:34 IST" skipped="0">
  <testcase classname="TestNG.GroupEx" name="smoke" time="0.002"/>
  <system-out/>
</testsuite> <!-- TestNG.GroupEx -->
