<?xml version="1.0" encoding="UTF-8"?>
<!-- Generated by org.testng.reporters.JUnitReportReporter -->
<testsuite hostname="LAPTOP-FNHVNRNU" failures="0" tests="1" name="Practice.JenkinTest" time="25.425" errors="0" timestamp="2022-08-16T20:13:36 IST" skipped="0">
  <testcase classname="Practice.JenkinTest" name="jenkinTest" time="25.425"/>
  <system-out/>
</testsuite> <!-- Practice.JenkinTest -->
